<?xml version="1.0" encoding="UTF-8"?>
<robot generator="Robot 7.1.1 (Python 3.12.3 on darwin)" generated="2024-11-29T18:55:56.786568" rpa="false" schemaversion="5">
<suite id="s1" name="Test-Feature-Links" source="/Users/mattia/Projects/pytest-bdd-report/tests/ui_testing/test-feature-links.robot">
<test id="s1-t1" name="Generate Report" line="9">
<kw name="Generate HTML Report">
<kw name="Run" owner="OperatingSystem">
<msg time="2024-11-29T18:55:56.869823" level="INFO">Running command 'pytest --bdd-report="RFTest" sample_tests/sample_test_calculator.py sample_tests/sample_test_controllo.py sample_tests/sample_test_outline.py 2&gt;&amp;1'.</msg>
<arg>pytest --bdd-report="${title}" sample_tests/sample_test_calculator.py sample_tests/sample_test_controllo.py sample_tests/sample_test_outline.py</arg>
<doc>Runs the given command in the system and returns the output.</doc>
<status status="PASS" start="2024-11-29T18:55:56.868169" elapsed="0.196722"/>
</kw>
<kw name="File Should Exist" owner="OperatingSystem">
<msg time="2024-11-29T18:55:57.065425" level="INFO" html="true">File '&lt;a href="file:///Users/mattia/Projects/pytest-bdd-report/RFTest.html"&gt;/Users/mattia/Projects/pytest-bdd-report/RFTest.html&lt;/a&gt;' exists.</msg>
<arg>./${title}.html</arg>
<doc>Fails unless the given ``path`` points to an existing file.</doc>
<status status="PASS" start="2024-11-29T18:55:57.065157" elapsed="0.000297"/>
</kw>
<kw name="Set Variable" owner="BuiltIn">
<msg time="2024-11-29T18:55:57.065613" level="INFO">${result} = file:///Users/mattia/Projects/pytest-bdd-report/RFTest.html</msg>
<var>${result}</var>
<arg>file://${EXECDIR}/${title}.html</arg>
<doc>Returns the given values which can then be assigned to a variables.</doc>
<status status="PASS" start="2024-11-29T18:55:57.065518" elapsed="0.000107"/>
</kw>
<kw name="Log" owner="BuiltIn">
<msg time="2024-11-29T18:55:57.065736" level="INFO">file:///Users/mattia/Projects/pytest-bdd-report/RFTest.html</msg>
<arg>${result}</arg>
<doc>Logs the given message with the given level.</doc>
<status status="PASS" start="2024-11-29T18:55:57.065679" elapsed="0.000074"/>
</kw>
<return>
<value>${result}</value>
<status status="PASS" start="2024-11-29T18:55:57.065785" elapsed="0.000051"/>
</return>
<msg time="2024-11-29T18:55:57.065928" level="INFO">${path} = file:///Users/mattia/Projects/pytest-bdd-report/RFTest.html</msg>
<var>${path}</var>
<arg>RFTest</arg>
<status status="PASS" start="2024-11-29T18:55:56.867799" elapsed="0.198141"/>
</kw>
<variable name="${URL}" scope="SUITE">
<msg time="2024-11-29T18:55:57.066094" level="INFO">${URL} = file:///Users/mattia/Projects/pytest-bdd-report/RFTest.html</msg>
<var>${path}</var>
<status status="PASS" start="2024-11-29T18:55:57.066026" elapsed="0.000078"/>
</variable>
<status status="PASS" start="2024-11-29T18:55:56.867497" elapsed="0.198749"/>
</test>
<test id="s1-t2" name="Link To A Feature" line="13">
<kw name="Open Browser" owner="SeleniumLibrary">
<msg time="2024-11-29T18:55:57.066658" level="INFO">Opening browser 'headlesschrome' to base url 'file:///Users/mattia/Projects/pytest-bdd-report/RFTest.html'.</msg>
<msg time="2024-11-29T18:56:14.108497" level="WARN">Error sending stats to Plausible: error sending request for url (https://plausible.io/api/event)</msg>
<arg>${URL}</arg>
<arg>${BROWSER}</arg>
<doc>Opens a new browser instance to the optional ``url``.</doc>
<status status="PASS" start="2024-11-29T18:55:57.066526" elapsed="21.913960"/>
</kw>
<kw name="Click Link" owner="SeleniumLibrary">
<msg time="2024-11-29T18:56:18.981111" level="INFO">Clicking link 'xpath=//*[@id="feature-statistics"]/table/tbody/tr[4]/td[1]/a'.</msg>
<msg time="2024-11-29T18:56:19.696258" level="INFO" html="true">&lt;/td&gt;&lt;/tr&gt;&lt;tr&gt;&lt;td colspan="3"&gt;&lt;a href="selenium-screenshot-1.png"&gt;&lt;img src="selenium-screenshot-1.png" width="800px"&gt;&lt;/a&gt;</msg>
<msg time="2024-11-29T18:56:19.696375" level="FAIL">Link with locator 'xpath=//*[@id="feature-statistics"]/table/tbody/tr[4]/td[1]/a' not found.</msg>
<arg>xpath=//*[@id="feature-statistics"]/table/tbody/tr[4]/td[1]/a</arg>
<doc>Clicks a link identified by ``locator``.</doc>
<status status="FAIL" start="2024-11-29T18:56:18.980811" elapsed="0.718254">Link with locator 'xpath=//*[@id="feature-statistics"]/table/tbody/tr[4]/td[1]/a' not found.</status>
</kw>
<kw name="Wait Until Page Contains Element" owner="SeleniumLibrary">
<arg>id:Cucuber basket</arg>
<doc>Waits until the element ``locator`` appears on the current page.</doc>
<status status="NOT RUN" start="2024-11-29T18:56:19.699196" elapsed="0.000018"/>
</kw>
<status status="FAIL" start="2024-11-29T18:55:57.066363" elapsed="22.632956">Link with locator 'xpath=//*[@id="feature-statistics"]/table/tbody/tr[4]/td[1]/a' not found.</status>
</test>
<test id="s1-t3" name="Link To Feature Statistics" line="18">
<kw name="Open Browser" owner="SeleniumLibrary">
<msg time="2024-11-29T18:56:19.699700" level="INFO">Opening browser 'headlesschrome' to base url 'file:///Users/mattia/Projects/pytest-bdd-report/RFTest.html'.</msg>
<arg>${URL}</arg>
<arg>${BROWSER}</arg>
<doc>Opens a new browser instance to the optional ``url``.</doc>
<status status="PASS" start="2024-11-29T18:56:19.699592" elapsed="1.587245"/>
</kw>
<kw name="Click Link" owner="SeleniumLibrary">
<msg time="2024-11-29T18:56:21.287464" level="INFO">Clicking link 'id:feature-statistics-button'.</msg>
<arg>id:feature-statistics-button</arg>
<doc>Clicks a link identified by ``locator``.</doc>
<status status="PASS" start="2024-11-29T18:56:21.287232" elapsed="0.091951"/>
</kw>
<kw name="Wait Until Page Contains Element" owner="SeleniumLibrary">
<arg>id:feature-statistics</arg>
<doc>Waits until the element ``locator`` appears on the current page.</doc>
<status status="PASS" start="2024-11-29T18:56:21.379331" elapsed="0.005407"/>
</kw>
<status status="PASS" start="2024-11-29T18:56:19.699439" elapsed="1.685432"/>
</test>
<test id="s1-t4" name="Open File list" line="23">
<kw name="Open Browser" owner="SeleniumLibrary">
<msg time="2024-11-29T18:56:21.385300" level="INFO">Opening browser 'headlesschrome' to base url 'file:///Users/mattia/Projects/pytest-bdd-report/RFTest.html'.</msg>
<arg>${URL}</arg>
<arg>${BROWSER}</arg>
<doc>Opens a new browser instance to the optional ``url``.</doc>
<status status="PASS" start="2024-11-29T18:56:21.385176" elapsed="1.403088"/>
</kw>
<kw name="Click Button" owner="SeleniumLibrary">
<msg time="2024-11-29T18:56:22.788780" level="INFO">Clicking button 'xpath:/html/body/div[1]/div[2]/div[1]/button'.</msg>
<arg>xpath:/html/body/div[1]/div[2]/div[1]/button</arg>
<doc>Clicks the button identified by ``locator``.</doc>
<status status="PASS" start="2024-11-29T18:56:22.788602" elapsed="0.036944"/>
</kw>
<kw name="Wait Until Element Is Visible" owner="SeleniumLibrary">
<arg>id:test-file-uri</arg>
<doc>Waits until the element ``locator`` is visible.</doc>
<status status="PASS" start="2024-11-29T18:56:22.825692" elapsed="0.010001"/>
</kw>
<status status="PASS" start="2024-11-29T18:56:21.384988" elapsed="1.450851"/>
</test>
<test id="s1-t5" name="Close File list" line="28">
<kw name="Open Browser" owner="SeleniumLibrary">
<msg time="2024-11-29T18:56:22.836512" level="INFO">Opening browser 'headlesschrome' to base url 'file:///Users/mattia/Projects/pytest-bdd-report/RFTest.html'.</msg>
<arg>${URL}</arg>
<arg>${BROWSER}</arg>
<doc>Opens a new browser instance to the optional ``url``.</doc>
<status status="PASS" start="2024-11-29T18:56:22.836370" elapsed="1.676498"/>
</kw>
<kw name="Click Button" owner="SeleniumLibrary">
<msg time="2024-11-29T18:56:24.513368" level="INFO">Clicking button 'xpath:/html/body/div[1]/div[2]/div[1]/button'.</msg>
<arg>xpath:/html/body/div[1]/div[2]/div[1]/button</arg>
<doc>Clicks the button identified by ``locator``.</doc>
<status status="PASS" start="2024-11-29T18:56:24.513178" elapsed="0.036348"/>
</kw>
<kw name="Wait Until Element Is Visible" owner="SeleniumLibrary">
<arg>id:test-file-uri</arg>
<doc>Waits until the element ``locator`` is visible.</doc>
<status status="PASS" start="2024-11-29T18:56:24.549745" elapsed="0.009595"/>
</kw>
<kw name="Click Button" owner="SeleniumLibrary">
<msg time="2024-11-29T18:56:24.559697" level="INFO">Clicking button 'xpath:/html/body/div[1]/div[2]/div[1]/button'.</msg>
<arg>xpath:/html/body/div[1]/div[2]/div[1]/button</arg>
<doc>Clicks the button identified by ``locator``.</doc>
<status status="PASS" start="2024-11-29T18:56:24.559481" elapsed="0.032206"/>
</kw>
<kw name="Wait Until Element Is Not Visible" owner="SeleniumLibrary">
<arg>id:test-file-uri</arg>
<doc>Waits until the element ``locator`` is not visible.</doc>
<status status="PASS" start="2024-11-29T18:56:24.591831" elapsed="0.006833"/>
</kw>
<status status="PASS" start="2024-11-29T18:56:22.836057" elapsed="1.762743"/>
</test>
<test id="s1-t6" name="Open Failed Scenario Error Message" line="35">
<kw name="Open Browser" owner="SeleniumLibrary">
<msg time="2024-11-29T18:56:24.599249" level="INFO">Opening browser 'headlesschrome' to base url 'file:///Users/mattia/Projects/pytest-bdd-report/RFTest.html'.</msg>
<arg>${URL}</arg>
<arg>${BROWSER}</arg>
<doc>Opens a new browser instance to the optional ``url``.</doc>
<status status="PASS" start="2024-11-29T18:56:24.599131" elapsed="1.652797"/>
</kw>
<kw name="Click Button" owner="SeleniumLibrary">
<msg time="2024-11-29T18:56:26.252404" level="INFO">Clicking button 'xpath://*[@id="Sum of two numbers"]/div/button'.</msg>
<msg time="2024-11-29T18:56:27.271993" level="INFO" html="true">&lt;/td&gt;&lt;/tr&gt;&lt;tr&gt;&lt;td colspan="3"&gt;&lt;a href="selenium-screenshot-2.png"&gt;&lt;img src="selenium-screenshot-2.png" width="800px"&gt;&lt;/a&gt;</msg>
<msg time="2024-11-29T18:56:27.272086" level="FAIL">Button with locator 'xpath://*[@id="Sum of two numbers"]/div/button' not found.</msg>
<arg>xpath://*[@id="Sum of two numbers"]/div/button</arg>
<doc>Clicks the button identified by ``locator``.</doc>
<status status="FAIL" start="2024-11-29T18:56:26.252226" elapsed="1.020208">Button with locator 'xpath://*[@id="Sum of two numbers"]/div/button' not found.</status>
</kw>
<kw name="Wait Until Element Is Visible" owner="SeleniumLibrary">
<arg>id:message-Sum of two numbers</arg>
<doc>Waits until the element ``locator`` is visible.</doc>
<status status="NOT RUN" start="2024-11-29T18:56:27.272563" elapsed="0.000017"/>
</kw>
<status status="FAIL" start="2024-11-29T18:56:24.598923" elapsed="2.673750">Button with locator 'xpath://*[@id="Sum of two numbers"]/div/button' not found.</status>
</test>
<test id="s1-t7" name="Close Failed Scenario Error Message" line="40">
<kw name="Open Browser" owner="SeleniumLibrary">
<msg time="2024-11-29T18:56:27.273044" level="INFO">Opening browser 'headlesschrome' to base url 'file:///Users/mattia/Projects/pytest-bdd-report/RFTest.html'.</msg>
<arg>${URL}</arg>
<arg>${BROWSER}</arg>
<doc>Opens a new browser instance to the optional ``url``.</doc>
<status status="PASS" start="2024-11-29T18:56:27.272941" elapsed="1.291207"/>
</kw>
<kw name="Click Button" owner="SeleniumLibrary">
<msg time="2024-11-29T18:56:28.564620" level="INFO">Clicking button 'xpath://*[@id="Sum of two numbers"]/div/button'.</msg>
<msg time="2024-11-29T18:56:30.260484" level="INFO" html="true">&lt;/td&gt;&lt;/tr&gt;&lt;tr&gt;&lt;td colspan="3"&gt;&lt;a href="selenium-screenshot-3.png"&gt;&lt;img src="selenium-screenshot-3.png" width="800px"&gt;&lt;/a&gt;</msg>
<msg time="2024-11-29T18:56:30.260595" level="FAIL">Button with locator 'xpath://*[@id="Sum of two numbers"]/div/button' not found.</msg>
<arg>xpath://*[@id="Sum of two numbers"]/div/button</arg>
<doc>Clicks the button identified by ``locator``.</doc>
<status status="FAIL" start="2024-11-29T18:56:28.564443" elapsed="1.696520">Button with locator 'xpath://*[@id="Sum of two numbers"]/div/button' not found.</status>
</kw>
<kw name="Wait Until Element Is Visible" owner="SeleniumLibrary">
<arg>id:message-Sum of two numbers</arg>
<doc>Waits until the element ``locator`` is visible.</doc>
<status status="NOT RUN" start="2024-11-29T18:56:30.261128" elapsed="0.000023"/>
</kw>
<kw name="Click Button" owner="SeleniumLibrary">
<arg>xpath://*[@id="Sum of two numbers"]/div/button</arg>
<doc>Clicks the button identified by ``locator``.</doc>
<status status="NOT RUN" start="2024-11-29T18:56:30.261216" elapsed="0.000012"/>
</kw>
<kw name="Wait Until Element Is Not Visible" owner="SeleniumLibrary">
<arg>id:message-Sum of two numbers</arg>
<doc>Waits until the element ``locator`` is not visible.</doc>
<status status="NOT RUN" start="2024-11-29T18:56:30.261279" elapsed="0.000010"/>
</kw>
<status status="FAIL" start="2024-11-29T18:56:27.272779" elapsed="2.988615">Button with locator 'xpath://*[@id="Sum of two numbers"]/div/button' not found.</status>
</test>
<status status="FAIL" start="2024-11-29T18:55:56.787115" elapsed="33.474549"/>
</suite>
<statistics>
<total>
<stat pass="4" fail="3" skip="0">All Tests</stat>
</total>
<tag>
</tag>
<suite>
<stat pass="4" fail="3" skip="0" id="s1" name="Test-Feature-Links">Test-Feature-Links</stat>
</suite>
</statistics>
<errors>
<msg time="2024-11-29T18:56:14.108497" level="WARN">Error sending stats to Plausible: error sending request for url (https://plausible.io/api/event)</msg>
</errors>
</robot>
